Line 5
/mnt/home/blyo1/ceph/syLab/robust-normalization/results/ standard 17 val 0.01 0.0005 gn 0.01_0.03_0.05_0.07_0.1_0.15_0.2
we are running!
Save folder: /mnt/home/blyo1/ceph/syLab/robust-normalization/results/mnist_regularize, model_name: standard, seed: 17, mode: val, lr: 0.01, wd: 0.0005, normalize: gn
Accuracy on benign test examples: 98.07000000000001%
Attack Strength:  0.01
Accuracy on adversarial test examples: 96.97
Attack Strength:  0.03
Accuracy on adversarial test examples: 94.44
Attack Strength:  0.05
Accuracy on adversarial test examples: 89.52
Attack Strength:  0.07
Accuracy on adversarial test examples: 82.13000000000001
Attack Strength:  0.1
Accuracy on adversarial test examples: 60.97
Attack Strength:  0.15
Accuracy on adversarial test examples: 17.78
Attack Strength:  0.2
Accuracy on adversarial test examples: 1.4000000000000001
{'clean': 0.9807, 'perturbed': array([0.9697, 0.9444, 0.8952, 0.8213, 0.6097, 0.1778, 0.014 ])}
