Line 8
/mnt/home/blyo1/ceph/syLab/robust-normalization/results/ standard 17 val 0.01 0.0005 lrnb 0.01_0.03_0.05_0.07_0.1_0.15_0.2
we are running!
Save folder: /mnt/home/blyo1/ceph/syLab/robust-normalization/results/mnist_regularize, model_name: standard, seed: 17, mode: val, lr: 0.01, wd: 0.0005, normalize: lrnb
Accuracy on benign test examples: 98.41%
Attack Strength:  0.01
Accuracy on adversarial test examples: 97.53
Attack Strength:  0.03
Accuracy on adversarial test examples: 95.43
Attack Strength:  0.05
Accuracy on adversarial test examples: 92.05
Attack Strength:  0.07
Accuracy on adversarial test examples: 85.96000000000001
Attack Strength:  0.1
Accuracy on adversarial test examples: 70.25
Attack Strength:  0.15
Accuracy on adversarial test examples: 25.95
Attack Strength:  0.2
Accuracy on adversarial test examples: 3.06
{'clean': 0.9841, 'perturbed': array([0.9753, 0.9543, 0.9205, 0.8596, 0.7025, 0.2595, 0.0306])}
