Line 6
/mnt/home/blyo1/ceph/syLab/robust-normalization/code/analysis/exemplar-manifolds/results/ 1 lrns 2.0
EP is 2.0
NORM_METHOD is lrns
SEED is 1
we are running!
Accuracy on benign test examples: 96.78%
constructing manifold stimuli...
stimuli shape: (2500, 1, 28, 28)
X_adv type: <class 'numpy.ndarray'>
Accuracy on adversarial test examples: 98.0
extracting representations...
Adding hook to layer: 1.conv1
Adding hook to layer: 2.norm
Adding hook to layer: 3.relu
Adding hook to layer: 4.conv2
Adding hook to layer: 5.norm
Adding hook to layer: 6.relu
Adding hook to layer: 7.linear
---
0.pixels (2500, 1, 28, 28)
1.conv1 (2500, 32, 14, 14)
2.norm (2500, 20, 10, 10)
3.relu (2500, 20, 10, 10)
4.conv2 (2500, 20, 10, 10)
5.norm (2500, 20, 10, 10)
6.relu (2500, 20, 10, 10)
7.linear (2500, 10)
---
running mftma...
saving results...
results saved at: /mnt/home/blyo1/ceph/syLab/robust-normalization/code/analysis/exemplar-manifolds/results/
