Line 3
/mnt/home/blyo1/ceph/syLab/robust-normalization/results/ standard 17 val 0.01 0.0005 ln 0.01_0.03_0.05_0.07_0.1_0.15_0.2
Using device: cuda
we are running!
Save folder: /mnt/home/blyo1/ceph/syLab/robust-normalization/results/cifar_regularize, model_name: standard, seed: 17, mode: val,         attack_mode: inf, eps: ['0.01', '0.03', '0.05', '0.07', '0.1', '0.15', '0.2'], normalize: ln, wd: 0.0005
==> Preparing dataset cifar..
Files already downloaded and verified
Files already downloaded and verified
=> loading checkpoint '/mnt/home/blyo1/ceph/syLab/robust-normalization/results/cifar_regularize/trained_models/standard/standard-normalize_ln-wd_0.0005-seed_17/checkpoint.pt.best'
=> loaded checkpoint '/mnt/home/blyo1/ceph/syLab/robust-normalization/results/cifar_regularize/trained_models/standard/standard-normalize_ln-wd_0.0005-seed_17/checkpoint.pt.best' (epoch 111)
Accuracy on benign test examples: 87.94%
Accuracy on benign test examples: 87.7%
Attack strength: 3.9215686274509805e-05
Accuracy on adversarial test examples: 87.4
Attack strength: 0.0001176470588235294
Accuracy on adversarial test examples: 86.5
Attack strength: 0.00019607843137254904
Accuracy on adversarial test examples: 86.2
Attack strength: 0.0002745098039215687
Accuracy on adversarial test examples: 85.6
Attack strength: 0.0003921568627450981
Accuracy on adversarial test examples: 84.89999999999999
Attack strength: 0.000588235294117647
Accuracy on adversarial test examples: 83.1
Attack strength: 0.0007843137254901962
Accuracy on adversarial test examples: 81.6
