Line 7
/mnt/home/blyo1/ceph/syLab/robust-normalization/results/ standard 17 val 0.01 0.0005 lrns 0.01_0.03_0.05_0.07_0.1_0.15_0.2
we are running!
Save folder: /mnt/home/blyo1/ceph/syLab/robust-normalization/results/mnist_regularize, model_name: standard, seed: 17, mode: val, lr: 0.01, wd: 0.0005, normalize: lrns
Accuracy on benign test examples: 97.3%
Attack Strength:  0.01
Accuracy on adversarial test examples: 96.59
Attack Strength:  0.03
Accuracy on adversarial test examples: 94.69999999999999
Attack Strength:  0.05
Accuracy on adversarial test examples: 90.55
Attack Strength:  0.07
Accuracy on adversarial test examples: 83.7
Attack Strength:  0.1
Accuracy on adversarial test examples: 64.75999999999999
Attack Strength:  0.15
Accuracy on adversarial test examples: 17.0
Attack Strength:  0.2
Accuracy on adversarial test examples: 1.46
{'clean': 0.973, 'perturbed': array([0.9659, 0.947 , 0.9055, 0.837 , 0.6476, 0.17  , 0.0146])}
