Line 5
/mnt/home/blyo1/ceph/syLab/robust-normalization/results/mftma/ cifar 17 gn
we are running!
normalization methods to be analyzed: ['gn']
cpu
importing the gn model
=> loaded checkpoint '../../results/cifar_regularize/trained_models/standard/standard-normalize_gn-wd_0.0005-seed_17/checkpoint.pt.best' (epoch 91)
creating manifold dataset for model gn...
extracted layers:
 ['layer_0_Input', 'layer_172_Conv2d', 'layer_187_Conv2d', 'layer_188_Conv2d', 'layer_205_Conv2d', 'layer_206_Conv2d', 'layer_223_Conv2d', 'layer_224_Conv2d', 'layer_240_Conv2d', 'layer_244_Conv2d', 'layer_245_Conv2d', 'layer_262_Conv2d', 'layer_263_Conv2d', 'layer_279_Conv2d', 'layer_283_Conv2d', 'layer_284_Conv2d', 'layer_301_Conv2d', 'layer_302_Conv2d', 'layer_318_Conv2d', 'layer_322_Conv2d', 'layer_323_Conv2d', 'layer_340_Linear']
preparing model gn for analysis...
layer: layer_0_Input, N: 3072
layer: layer_172_Conv2d, N: 65536
Projecting layer_172_Conv2d
layer: layer_187_Conv2d, N: 65536
Projecting layer_187_Conv2d
layer: layer_188_Conv2d, N: 65536
Projecting layer_188_Conv2d
layer: layer_205_Conv2d, N: 65536
Projecting layer_205_Conv2d
layer: layer_206_Conv2d, N: 65536
Projecting layer_206_Conv2d
layer: layer_223_Conv2d, N: 32768
Projecting layer_223_Conv2d
layer: layer_224_Conv2d, N: 32768
Projecting layer_224_Conv2d
layer: layer_240_Conv2d, N: 32768
Projecting layer_240_Conv2d
layer: layer_244_Conv2d, N: 32768
Projecting layer_244_Conv2d
layer: layer_245_Conv2d, N: 32768
Projecting layer_245_Conv2d
layer: layer_262_Conv2d, N: 16384
Projecting layer_262_Conv2d
layer: layer_263_Conv2d, N: 16384
Projecting layer_263_Conv2d
layer: layer_279_Conv2d, N: 16384
Projecting layer_279_Conv2d
layer: layer_283_Conv2d, N: 16384
Projecting layer_283_Conv2d
layer: layer_284_Conv2d, N: 16384
Projecting layer_284_Conv2d
layer: layer_301_Conv2d, N: 8192
Projecting layer_301_Conv2d
layer: layer_302_Conv2d, N: 8192
Projecting layer_302_Conv2d
layer: layer_318_Conv2d, N: 8192
Projecting layer_318_Conv2d
layer: layer_322_Conv2d, N: 8192
Projecting layer_322_Conv2d
layer: layer_323_Conv2d, N: 8192
Projecting layer_323_Conv2d
layer: layer_340_Linear, N: 10
running analysis on model gn...
layer_0_Input
             capacity: 0.058352
             radius: 1.353894
             dimension: 25.980710
             correlation: 0.493706
layer_172_Conv2d
             capacity: 0.042025
             radius: 2.028796
             dimension: 32.752636
             correlation: 0.484627
layer_187_Conv2d
             capacity: 0.043607
             radius: 1.434423
             dimension: 33.518417
             correlation: 0.412634
layer_188_Conv2d
             capacity: 0.039837
             radius: 1.509167
             dimension: 35.576926
             correlation: 0.249089
layer_205_Conv2d
             capacity: 0.040125
             radius: 1.487638
             dimension: 35.671777
             correlation: 0.265427
layer_206_Conv2d
             capacity: 0.039147
             radius: 1.497663
             dimension: 36.162110
             correlation: 0.178238
layer_223_Conv2d
             capacity: 0.042452
             radius: 1.438619
             dimension: 34.562219
             correlation: 0.289561
layer_224_Conv2d
             capacity: 0.045868
             radius: 1.385443
             dimension: 32.695603
             correlation: 0.316896
layer_240_Conv2d
             capacity: 0.042532
             radius: 1.476315
             dimension: 34.135357
             correlation: 0.351844
layer_244_Conv2d
             capacity: 0.044523
             radius: 1.411186
             dimension: 33.243775
             correlation: 0.358102
layer_245_Conv2d
             capacity: 0.042388
             radius: 1.461787
             dimension: 34.136938
             correlation: 0.293022
layer_262_Conv2d
             capacity: 0.047240
             radius: 1.366123
             dimension: 32.011133
             correlation: 0.327833
layer_263_Conv2d
             capacity: 0.051388
             radius: 1.310896
             dimension: 30.411604
             correlation: 0.322364
layer_279_Conv2d
             capacity: 0.045268
             radius: 1.385171
             dimension: 33.009158
             correlation: 0.332826
layer_283_Conv2d
             capacity: 0.055191
             radius: 1.272104
             dimension: 28.805768
             correlation: 0.285815
layer_284_Conv2d
             capacity: 0.065927
             radius: 1.174406
             dimension: 25.697396
             correlation: 0.215498
layer_301_Conv2d
             capacity: 0.089458
             radius: 1.045702
             dimension: 20.560230
             correlation: 0.249217
layer_302_Conv2d
             capacity: 0.114589
             radius: 1.269365
             dimension: 13.210010
             correlation: 0.209231
layer_318_Conv2d
             capacity: 0.072696
             radius: 1.140250
             dimension: 23.283827
             correlation: 0.322349
layer_322_Conv2d
             capacity: 0.121014
             radius: 1.181939
             dimension: 12.459274
             correlation: 0.227298
layer_323_Conv2d
             capacity: 0.163446
             radius: 0.917461
             dimension: 8.796266
             correlation: 0.192770
layer_340_Linear
             capacity: 0.802902
             radius: 0.431668
             dimension: 3.277509
             correlation: 0.285832
saving the results of the analysis...
the save folder is /mnt/home/blyo1/ceph/syLab/robust-normalization/results/mftma/cifar
