Line 2
/mnt/home/blyo1/ceph/syLab/robust-normalization/results/mftma/ cifar 17 bn
we are running!
normalization methods to be analyzed: ['bn']
cpu
importing the bn model
=> loaded checkpoint '../../results/cifar_regularize/trained_models/standard/standard-normalize_bn-wd_0.0005-seed_17/checkpoint.pt.best' (epoch 111)
creating manifold dataset for model bn...
extracted layers:
 ['layer_0_Input', 'layer_172_Conv2d', 'layer_187_Conv2d', 'layer_188_Conv2d', 'layer_205_Conv2d', 'layer_206_Conv2d', 'layer_223_Conv2d', 'layer_224_Conv2d', 'layer_240_Conv2d', 'layer_244_Conv2d', 'layer_245_Conv2d', 'layer_262_Conv2d', 'layer_263_Conv2d', 'layer_279_Conv2d', 'layer_283_Conv2d', 'layer_284_Conv2d', 'layer_301_Conv2d', 'layer_302_Conv2d', 'layer_318_Conv2d', 'layer_322_Conv2d', 'layer_323_Conv2d', 'layer_340_Linear']
preparing model bn for analysis...
layer: layer_0_Input, N: 3072
layer: layer_172_Conv2d, N: 65536
Projecting layer_172_Conv2d
layer: layer_187_Conv2d, N: 65536
Projecting layer_187_Conv2d
layer: layer_188_Conv2d, N: 65536
Projecting layer_188_Conv2d
layer: layer_205_Conv2d, N: 65536
Projecting layer_205_Conv2d
layer: layer_206_Conv2d, N: 65536
Projecting layer_206_Conv2d
layer: layer_223_Conv2d, N: 32768
Projecting layer_223_Conv2d
layer: layer_224_Conv2d, N: 32768
Projecting layer_224_Conv2d
layer: layer_240_Conv2d, N: 32768
Projecting layer_240_Conv2d
layer: layer_244_Conv2d, N: 32768
Projecting layer_244_Conv2d
layer: layer_245_Conv2d, N: 32768
Projecting layer_245_Conv2d
layer: layer_262_Conv2d, N: 16384
Projecting layer_262_Conv2d
layer: layer_263_Conv2d, N: 16384
Projecting layer_263_Conv2d
layer: layer_279_Conv2d, N: 16384
Projecting layer_279_Conv2d
layer: layer_283_Conv2d, N: 16384
Projecting layer_283_Conv2d
layer: layer_284_Conv2d, N: 16384
Projecting layer_284_Conv2d
layer: layer_301_Conv2d, N: 8192
Projecting layer_301_Conv2d
layer: layer_302_Conv2d, N: 8192
Projecting layer_302_Conv2d
layer: layer_318_Conv2d, N: 8192
Projecting layer_318_Conv2d
layer: layer_322_Conv2d, N: 8192
Projecting layer_322_Conv2d
layer: layer_323_Conv2d, N: 8192
Projecting layer_323_Conv2d
layer: layer_340_Linear, N: 10
running analysis on model bn...
layer_0_Input
             capacity: 0.058352
             radius: 1.353894
             dimension: 25.980710
             correlation: 0.493706
layer_172_Conv2d
             capacity: 0.040785
             radius: 1.595531
             dimension: 34.119850
             correlation: 0.444963
layer_187_Conv2d
             capacity: 0.040267
             radius: 1.522677
             dimension: 35.072648
             correlation: 0.361451
layer_188_Conv2d
             capacity: 0.040563
             radius: 1.487517
             dimension: 35.311840
             correlation: 0.253553
layer_205_Conv2d
             capacity: 0.038739
             radius: 1.531864
             dimension: 36.312733
             correlation: 0.208519
layer_206_Conv2d
             capacity: 0.040162
             radius: 1.487012
             dimension: 35.623076
             correlation: 0.265121
layer_223_Conv2d
             capacity: 0.042543
             radius: 1.427509
             dimension: 34.393218
             correlation: 0.271761
layer_224_Conv2d
             capacity: 0.040899
             radius: 1.577382
             dimension: 34.753872
             correlation: 0.294395
layer_240_Conv2d
             capacity: 0.043762
             radius: 1.411381
             dimension: 33.844468
             correlation: 0.323852
layer_244_Conv2d
             capacity: 0.042511
             radius: 1.463160
             dimension: 34.254721
             correlation: 0.269088
layer_245_Conv2d
             capacity: 0.044105
             radius: 1.436198
             dimension: 33.320805
             correlation: 0.266217
layer_262_Conv2d
             capacity: 0.042742
             radius: 3.746205
             dimension: 33.316411
             correlation: 0.271718
layer_263_Conv2d
             capacity: 0.047478
             radius: 3.469683
             dimension: 31.005869
             correlation: 0.273964
layer_279_Conv2d
             capacity: 0.044476
             radius: 1.434584
             dimension: 33.379040
             correlation: 0.282176
layer_283_Conv2d
             capacity: 0.051309
             radius: 3.484032
             dimension: 29.120154
             correlation: 0.246961
layer_284_Conv2d
             capacity: 0.065624
             radius: 1.169559
             dimension: 25.676885
             correlation: 0.216586
layer_301_Conv2d
             capacity: 0.068910
             radius: 2.037756
             dimension: 23.150283
             correlation: 0.210740
layer_302_Conv2d
             capacity: 0.136608
             radius: 0.935334
             dimension: 14.243098
             correlation: 0.186019
layer_318_Conv2d
             capacity: 0.060078
             radius: 1.301501
             dimension: 26.342327
             correlation: 0.259519
layer_322_Conv2d
             capacity: 0.258986
             radius: 0.878837
             dimension: 8.112036
             correlation: 0.190006
layer_323_Conv2d
             capacity: 0.554225
             radius: 0.530298
             dimension: 4.948215
             correlation: 0.157263
layer_340_Linear
             capacity: 0.858904
             radius: 0.383278
             dimension: 3.379972
             correlation: 0.189434
saving the results of the analysis...
the save folder is /mnt/home/blyo1/ceph/syLab/robust-normalization/results/mftma/cifar
